2025-06-22T21:58:11.407+02:00  INFO 11320 --- [spring-boot-jwt-auth-refresh] [main] app.Application                          : Starting Application using Java 24.0.1 with PID 11320 (C:\DEV\spring-boot-jwt-auth-refresh\target\classes started by ALEX in C:\DEV\spring-boot-jwt-auth-refresh)
2025-06-22T21:58:11.411+02:00 DEBUG 11320 --- [spring-boot-jwt-auth-refresh] [main] app.Application                          : Running with Spring Boot v3.5.3, Spring v6.2.8
2025-06-22T21:58:11.413+02:00  INFO 11320 --- [spring-boot-jwt-auth-refresh] [main] app.Application                          : The following 1 profile is active: "dev"
2025-06-22T21:58:13.775+02:00  INFO 11320 --- [spring-boot-jwt-auth-refresh] [main] .s.d.r.c.RepositoryConfigurationDelegate : Bootstrapping Spring Data JPA repositories in DEFAULT mode.
2025-06-22T21:58:13.981+02:00  INFO 11320 --- [spring-boot-jwt-auth-refresh] [main] .s.d.r.c.RepositoryConfigurationDelegate : Finished Spring Data repository scanning in 176 ms. Found 2 JPA repository interfaces.
2025-06-22T21:58:15.597+02:00  INFO 11320 --- [spring-boot-jwt-auth-refresh] [main] o.s.b.w.embedded.tomcat.TomcatWebServer  : Tomcat initialized with port 8080 (http)
2025-06-22T21:58:15.630+02:00  INFO 11320 --- [spring-boot-jwt-auth-refresh] [main] o.apache.catalina.core.StandardService   : Starting service [Tomcat]
2025-06-22T21:58:15.631+02:00  INFO 11320 --- [spring-boot-jwt-auth-refresh] [main] o.apache.catalina.core.StandardEngine    : Starting Servlet engine: [Apache Tomcat/10.1.42]
2025-06-22T21:58:15.734+02:00  INFO 11320 --- [spring-boot-jwt-auth-refresh] [main] o.a.c.c.C.[Tomcat].[localhost].[/]       : Initializing Spring embedded WebApplicationContext
2025-06-22T21:58:15.735+02:00  INFO 11320 --- [spring-boot-jwt-auth-refresh] [main] w.s.c.ServletWebServerApplicationContext : Root WebApplicationContext: initialization completed in 4189 ms
2025-06-22T21:58:16.092+02:00  INFO 11320 --- [spring-boot-jwt-auth-refresh] [main] o.hibernate.jpa.internal.util.LogHelper  : HHH000204: Processing PersistenceUnitInfo [name: default]
2025-06-22T21:58:16.202+02:00  INFO 11320 --- [spring-boot-jwt-auth-refresh] [main] org.hibernate.Version                    : HHH000412: Hibernate ORM core version 6.6.18.Final
2025-06-22T21:58:16.274+02:00  INFO 11320 --- [spring-boot-jwt-auth-refresh] [main] o.h.c.internal.RegionFactoryInitiator    : HHH000026: Second-level cache disabled
2025-06-22T21:58:16.890+02:00  INFO 11320 --- [spring-boot-jwt-auth-refresh] [main] o.s.o.j.p.SpringPersistenceUnitInfo      : No LoadTimeWeaver setup: ignoring JPA class transformer
2025-06-22T21:58:16.955+02:00  INFO 11320 --- [spring-boot-jwt-auth-refresh] [main] com.zaxxer.hikari.HikariDataSource       : HikariPool-1 - Starting...
2025-06-22T21:58:17.293+02:00  INFO 11320 --- [spring-boot-jwt-auth-refresh] [main] com.zaxxer.hikari.pool.HikariPool        : HikariPool-1 - Added connection com.mysql.cj.jdbc.ConnectionImpl@cdbe995
2025-06-22T21:58:17.296+02:00  INFO 11320 --- [spring-boot-jwt-auth-refresh] [main] com.zaxxer.hikari.HikariDataSource       : HikariPool-1 - Start completed.
2025-06-22T21:58:17.357+02:00  WARN 11320 --- [spring-boot-jwt-auth-refresh] [main] org.hibernate.orm.deprecation            : HHH90000025: MySQL8Dialect does not need to be specified explicitly using 'hibernate.dialect' (remove the property setting and it will be selected by default)
2025-06-22T21:58:17.360+02:00  WARN 11320 --- [spring-boot-jwt-auth-refresh] [main] org.hibernate.orm.deprecation            : HHH90000026: MySQL8Dialect has been deprecated; use org.hibernate.dialect.MySQLDialect instead
2025-06-22T21:58:17.398+02:00  INFO 11320 --- [spring-boot-jwt-auth-refresh] [main] org.hibernate.orm.connections.pooling    : HHH10001005: Database info:
	Database JDBC URL [Connecting through datasource 'HikariDataSource (HikariPool-1)']
	Database driver: undefined/unknown
	Database version: 8.0
	Autocommit mode: undefined/unknown
	Isolation level: undefined/unknown
	Minimum pool size: undefined/unknown
	Maximum pool size: undefined/unknown
2025-06-22T21:58:19.396+02:00  INFO 11320 --- [spring-boot-jwt-auth-refresh] [main] o.h.e.t.j.p.i.JtaPlatformInitiator       : HHH000489: No JTA platform available (set 'hibernate.transaction.jta.platform' to enable JTA platform integration)
2025-06-22T21:58:20.608+02:00  INFO 11320 --- [spring-boot-jwt-auth-refresh] [main] j.LocalContainerEntityManagerFactoryBean : Initialized JPA EntityManagerFactory for persistence unit 'default'
2025-06-22T21:58:21.482+02:00 DEBUG 11320 --- [spring-boot-jwt-auth-refresh] [main] app.filter.JwtAuthenticationFilter       : Filter 'jwtAuthenticationFilter' configured for use
2025-06-22T21:58:21.483+02:00 DEBUG 11320 --- [spring-boot-jwt-auth-refresh] [main] app.filter.RequestLoggingFilter          : Filter 'requestLoggingFilter' configured for use
2025-06-22T21:58:21.650+02:00  INFO 11320 --- [spring-boot-jwt-auth-refresh] [main] r$InitializeUserDetailsManagerConfigurer : Global AuthenticationManager configured with UserDetailsService bean with name customUserDetailsService
2025-06-22T21:58:22.669+02:00 DEBUG 11320 --- [spring-boot-jwt-auth-refresh] [main] o.s.s.web.DefaultSecurityFilterChain     : Will secure any request with filters: DisableEncodeUrlFilter, WebAsyncManagerIntegrationFilter, SecurityContextHolderFilter, HeaderWriterFilter, LogoutFilter, RequestLoggingFilter, JwtAuthenticationFilter, RequestCacheAwareFilter, SecurityContextHolderAwareRequestFilter, AnonymousAuthenticationFilter, SessionManagementFilter, ExceptionTranslationFilter, AuthorizationFilter
2025-06-22T21:58:23.442+02:00  INFO 11320 --- [spring-boot-jwt-auth-refresh] [main] o.s.b.w.embedded.tomcat.TomcatWebServer  : Tomcat started on port 8080 (http) with context path '/'
2025-06-22T21:58:23.458+02:00  INFO 11320 --- [spring-boot-jwt-auth-refresh] [main] app.Application                          : Started Application in 13.196 seconds (process running for 14.661)
2025-06-22T21:58:34.105+02:00  INFO 11320 --- [spring-boot-jwt-auth-refresh] [http-nio-8080-exec-2] o.a.c.c.C.[Tomcat].[localhost].[/]       : Initializing Spring DispatcherServlet 'dispatcherServlet'
2025-06-22T21:58:34.106+02:00  INFO 11320 --- [spring-boot-jwt-auth-refresh] [http-nio-8080-exec-2] o.s.web.servlet.DispatcherServlet        : Initializing Servlet 'dispatcherServlet'
2025-06-22T21:58:34.108+02:00  INFO 11320 --- [spring-boot-jwt-auth-refresh] [http-nio-8080-exec-2] o.s.web.servlet.DispatcherServlet        : Completed initialization in 2 ms
2025-06-22T21:58:34.146+02:00 DEBUG 11320 --- [spring-boot-jwt-auth-refresh] [http-nio-8080-exec-2] o.s.security.web.FilterChainProxy        : Securing POST /api/auth/register
2025-06-22T21:58:34.184+02:00 DEBUG 11320 --- [spring-boot-jwt-auth-refresh] [http-nio-8080-exec-2] o.s.s.w.a.AnonymousAuthenticationFilter  : Set SecurityContextHolder to anonymous SecurityContext
2025-06-22T21:58:34.185+02:00 DEBUG 11320 --- [spring-boot-jwt-auth-refresh] [http-nio-8080-exec-2] o.s.s.w.session.SessionManagementFilter  : Request requested invalid session id 3707F987AF2E25021EB804BDF1FBE0A9
2025-06-22T21:58:34.192+02:00 DEBUG 11320 --- [spring-boot-jwt-auth-refresh] [http-nio-8080-exec-2] o.s.security.web.FilterChainProxy        : Secured POST /api/auth/register
2025-06-22T21:58:34.466+02:00  INFO 11320 --- [spring-boot-jwt-auth-refresh] [http-nio-8080-exec-2] app.service.AuthService                  : Registering new user with username: alex
2025-06-22T21:58:34.474+02:00 DEBUG 11320 --- [spring-boot-jwt-auth-refresh] [http-nio-8080-exec-2] app.repository.UserRepository            : Checking if user exists with username: alex
2025-06-22T21:58:34.797+02:00 DEBUG 11320 --- [spring-boot-jwt-auth-refresh] [http-nio-8080-exec-2] app.repository.UserRepository            : User with username 'alex' exists: false
2025-06-22T21:58:35.050+02:00  INFO 11320 --- [spring-boot-jwt-auth-refresh] [http-nio-8080-exec-2] app.service.AuthService                  : Successfully registered user: alex with role: ROLE_ADMIN
2025-06-22T21:59:13.581+02:00 DEBUG 11320 --- [spring-boot-jwt-auth-refresh] [http-nio-8080-exec-1] o.s.security.web.FilterChainProxy        : Securing POST /api/auth/login
2025-06-22T21:59:13.587+02:00  INFO 11320 --- [spring-boot-jwt-auth-refresh] [http-nio-8080-exec-1] app.filter.RequestLoggingFilter          : Request URL: POST http://localhost:8080/api/auth/login
2025-06-22T21:59:13.588+02:00  INFO 11320 --- [spring-boot-jwt-auth-refresh] [http-nio-8080-exec-1] app.filter.RequestLoggingFilter          : Content-Type: application/json
2025-06-22T21:59:13.588+02:00  INFO 11320 --- [spring-boot-jwt-auth-refresh] [http-nio-8080-exec-1] app.filter.RequestLoggingFilter          : Content-Length: 53
2025-06-22T21:59:13.588+02:00 DEBUG 11320 --- [spring-boot-jwt-auth-refresh] [http-nio-8080-exec-1] o.s.s.w.a.AnonymousAuthenticationFilter  : Set SecurityContextHolder to anonymous SecurityContext
2025-06-22T21:59:13.589+02:00 DEBUG 11320 --- [spring-boot-jwt-auth-refresh] [http-nio-8080-exec-1] o.s.s.w.session.SessionManagementFilter  : Request requested invalid session id 3707F987AF2E25021EB804BDF1FBE0A9
2025-06-22T21:59:13.589+02:00 DEBUG 11320 --- [spring-boot-jwt-auth-refresh] [http-nio-8080-exec-1] o.s.security.web.FilterChainProxy        : Secured POST /api/auth/login
2025-06-22T21:59:13.607+02:00  INFO 11320 --- [spring-boot-jwt-auth-refresh] [http-nio-8080-exec-1] app.controller.AuthController            : Raw login request received: {username=alex, password=password123}
2025-06-22T21:59:13.608+02:00  INFO 11320 --- [spring-boot-jwt-auth-refresh] [http-nio-8080-exec-1] app.controller.AuthController            : Attempting login for user: 'alex'
2025-06-22T21:59:13.608+02:00  INFO 11320 --- [spring-boot-jwt-auth-refresh] [http-nio-8080-exec-1] app.service.AuthService                  : Attempting to authenticate user: 'alex'
2025-06-22T21:59:13.778+02:00  INFO 11320 --- [spring-boot-jwt-auth-refresh] [http-nio-8080-exec-1] app.service.CustomUserDetailsService     : Attempting to load user by username: alex
2025-06-22T21:59:13.780+02:00 DEBUG 11320 --- [spring-boot-jwt-auth-refresh] [http-nio-8080-exec-1] app.repository.UserRepository            : Searching for user by username: alex
2025-06-22T21:59:13.975+02:00 DEBUG 11320 --- [spring-boot-jwt-auth-refresh] [http-nio-8080-exec-1] app.repository.UserRepository            : User found by username 'alex': yes
2025-06-22T21:59:13.976+02:00 DEBUG 11320 --- [spring-boot-jwt-auth-refresh] [http-nio-8080-exec-1] app.service.CustomUserDetailsService     : Found user: alex with role: ROLE_ADMIN
2025-06-22T21:59:14.217+02:00 DEBUG 11320 --- [spring-boot-jwt-auth-refresh] [http-nio-8080-exec-1] o.s.s.a.dao.DaoAuthenticationProvider    : Authenticated user
2025-06-22T21:59:14.219+02:00  INFO 11320 --- [spring-boot-jwt-auth-refresh] [http-nio-8080-exec-1] app.service.AuthService                  : Authentication successful for user: 'alex'
2025-06-22T21:59:14.472+02:00 DEBUG 11320 --- [spring-boot-jwt-auth-refresh] [http-nio-8080-exec-1] app.service.JwtService                   : Generated token pair for user 'alex'
2025-06-22T21:59:14.473+02:00  INFO 11320 --- [spring-boot-jwt-auth-refresh] [http-nio-8080-exec-1] app.controller.AuthController            : Login successful for user: 'alex'
2025-06-22T21:59:14.478+02:00  INFO 11320 --- [spring-boot-jwt-auth-refresh] [http-nio-8080-exec-1] app.filter.RequestLoggingFilter          : Request payload: {
  "username": "alex",
  "password": "password123"
}
2025-06-22T21:59:30.417+02:00 DEBUG 11320 --- [spring-boot-jwt-auth-refresh] [http-nio-8080-exec-3] o.s.security.web.FilterChainProxy        : Securing POST /api/products
2025-06-22T21:59:30.418+02:00 DEBUG 11320 --- [spring-boot-jwt-auth-refresh] [http-nio-8080-exec-3] o.s.s.w.a.AnonymousAuthenticationFilter  : Set SecurityContextHolder to anonymous SecurityContext
2025-06-22T21:59:30.419+02:00 DEBUG 11320 --- [spring-boot-jwt-auth-refresh] [http-nio-8080-exec-3] o.s.s.w.session.SessionManagementFilter  : Request requested invalid session id 3707F987AF2E25021EB804BDF1FBE0A9
2025-06-22T21:59:41.526+02:00 DEBUG 11320 --- [spring-boot-jwt-auth-refresh] [http-nio-8080-exec-5] o.s.security.web.FilterChainProxy        : Securing POST /api/auth/login
2025-06-22T21:59:41.527+02:00  INFO 11320 --- [spring-boot-jwt-auth-refresh] [http-nio-8080-exec-5] app.filter.RequestLoggingFilter          : Request URL: POST http://localhost:8080/api/auth/login
2025-06-22T21:59:41.527+02:00  INFO 11320 --- [spring-boot-jwt-auth-refresh] [http-nio-8080-exec-5] app.filter.RequestLoggingFilter          : Content-Type: application/json
2025-06-22T21:59:41.527+02:00  INFO 11320 --- [spring-boot-jwt-auth-refresh] [http-nio-8080-exec-5] app.filter.RequestLoggingFilter          : Content-Length: 53
2025-06-22T21:59:41.528+02:00 DEBUG 11320 --- [spring-boot-jwt-auth-refresh] [http-nio-8080-exec-5] o.s.s.w.a.AnonymousAuthenticationFilter  : Set SecurityContextHolder to anonymous SecurityContext
2025-06-22T21:59:41.528+02:00 DEBUG 11320 --- [spring-boot-jwt-auth-refresh] [http-nio-8080-exec-5] o.s.s.w.session.SessionManagementFilter  : Request requested invalid session id 3707F987AF2E25021EB804BDF1FBE0A9
2025-06-22T21:59:41.529+02:00 DEBUG 11320 --- [spring-boot-jwt-auth-refresh] [http-nio-8080-exec-5] o.s.security.web.FilterChainProxy        : Secured POST /api/auth/login
2025-06-22T21:59:41.532+02:00  INFO 11320 --- [spring-boot-jwt-auth-refresh] [http-nio-8080-exec-5] app.controller.AuthController            : Raw login request received: {username=alex, password=password123}
2025-06-22T21:59:41.533+02:00  INFO 11320 --- [spring-boot-jwt-auth-refresh] [http-nio-8080-exec-5] app.controller.AuthController            : Attempting login for user: 'alex'
2025-06-22T21:59:41.533+02:00  INFO 11320 --- [spring-boot-jwt-auth-refresh] [http-nio-8080-exec-5] app.service.AuthService                  : Attempting to authenticate user: 'alex'
2025-06-22T21:59:41.533+02:00  INFO 11320 --- [spring-boot-jwt-auth-refresh] [http-nio-8080-exec-5] app.service.CustomUserDetailsService     : Attempting to load user by username: alex
2025-06-22T21:59:41.533+02:00 DEBUG 11320 --- [spring-boot-jwt-auth-refresh] [http-nio-8080-exec-5] app.repository.UserRepository            : Searching for user by username: alex
2025-06-22T21:59:41.541+02:00 DEBUG 11320 --- [spring-boot-jwt-auth-refresh] [http-nio-8080-exec-5] app.repository.UserRepository            : User found by username 'alex': yes
2025-06-22T21:59:41.542+02:00 DEBUG 11320 --- [spring-boot-jwt-auth-refresh] [http-nio-8080-exec-5] app.service.CustomUserDetailsService     : Found user: alex with role: ROLE_ADMIN
2025-06-22T21:59:41.690+02:00 DEBUG 11320 --- [spring-boot-jwt-auth-refresh] [http-nio-8080-exec-5] o.s.s.a.dao.DaoAuthenticationProvider    : Authenticated user
2025-06-22T21:59:41.691+02:00  INFO 11320 --- [spring-boot-jwt-auth-refresh] [http-nio-8080-exec-5] app.service.AuthService                  : Authentication successful for user: 'alex'
2025-06-22T21:59:41.693+02:00 DEBUG 11320 --- [spring-boot-jwt-auth-refresh] [http-nio-8080-exec-5] app.service.JwtService                   : Generated token pair for user 'alex'
2025-06-22T21:59:41.694+02:00  INFO 11320 --- [spring-boot-jwt-auth-refresh] [http-nio-8080-exec-5] app.controller.AuthController            : Login successful for user: 'alex'
2025-06-22T21:59:41.697+02:00  INFO 11320 --- [spring-boot-jwt-auth-refresh] [http-nio-8080-exec-5] app.filter.RequestLoggingFilter          : Request payload: {
  "username": "alex",
  "password": "password123"
}
2025-06-22T22:00:20.122+02:00 DEBUG 11320 --- [spring-boot-jwt-auth-refresh] [http-nio-8080-exec-7] o.s.security.web.FilterChainProxy        : Securing POST /api/products
2025-06-22T22:00:20.123+02:00 DEBUG 11320 --- [spring-boot-jwt-auth-refresh] [http-nio-8080-exec-7] o.s.s.w.a.AnonymousAuthenticationFilter  : Set SecurityContextHolder to anonymous SecurityContext
2025-06-22T22:00:20.123+02:00 DEBUG 11320 --- [spring-boot-jwt-auth-refresh] [http-nio-8080-exec-7] o.s.s.w.session.SessionManagementFilter  : Request requested invalid session id 3707F987AF2E25021EB804BDF1FBE0A9
